<?xml version="1.0" encoding="UTF-8"?>
<!-- Generated by org.testng.reporters.JUnitReportReporter -->
<testsuite hostname="DESKTOP-T43P9M7" failures="0" tests="1" name="Package1.a" time="0.047" errors="0" timestamp="2023-01-09T06:59:30 IST" skipped="0">
  <testcase classname="Package1.a" name="TC1" time="0.047"/>
  <system-out>
    <![CDATA[running TC1]]>
  </system-out>
</testsuite> <!-- Package1.a -->
